########### array before sorts ###########
0	48.260000	0.000000	54.610000	6.350000	n
1	54.610000	6.350000	54.610000	57.848500	n
2	54.610000	57.848500	65.405000	57.848500	n
3	65.405000	57.848500	65.405000	110.490000	n
4	65.405000	110.490000	0.000000	110.490000	n
5	0.000000	110.490000	0.000000	21.590000	n
6	0.000000	21.590000	13.970000	21.590000	n
7	13.970000	21.590000	13.970000	0.000000	n
8	13.970000	0.000000	48.260000	0.000000	n
Tolerance=0.050000.
*Exact match for i=0 and j=1.
*i point 48.260000	0.000000	54.610000	6.350000	y
*Exact match for i=1 and j=2.
*i point 54.610000	6.350000	54.610000	57.848500	y
*Exact match for i=2 and j=3.
*i point 54.610000	57.848500	65.405000	57.848500	y
*Exact match for i=3 and j=4.
*i point 65.405000	57.848500	65.405000	110.490000	y
*Exact match for i=4 and j=5.
*i point 65.405000	110.490000	0.000000	110.490000	y
*Exact match for i=5 and j=6.
*i point 0.000000	110.490000	0.000000	21.590000	y
*Exact match for i=6 and j=7.
*i point 0.000000	21.590000	13.970000	21.590000	y
*Exact match for i=7 and j=8.
*i point 13.970000	21.590000	13.970000	0.000000	y
########### array after sorts ###########
0	48.260000	0.000000	54.610000	6.350000	y
1	54.610000	6.350000	54.610000	57.848500	y
2	54.610000	57.848500	65.405000	57.848500	y
3	65.405000	57.848500	65.405000	110.490000	y
4	65.405000	110.490000	0.000000	110.490000	y
5	0.000000	110.490000	0.000000	21.590000	y
6	0.000000	21.590000	13.970000	21.590000	y
7	13.970000	21.590000	13.970000	0.000000	y
8	13.970000	0.000000	48.260000	0.000000	y
***************
.BOARD_OUTLINE UNOWNED
1.6
0     48.260000     0.000000     0
0     54.610000     6.350000     0
0     54.610000     57.848500     0
0     65.405000     57.848500     0
0     65.405000     110.490000     0
0     0.000000     110.490000     0
0     0.000000     21.590000     0
0     13.970000     21.590000     0
0     13.970000     0.000000     0
0     48.260000     0.000000     0
